{"uuid":"119178d5-89be-4095-9a10-2a1c4c4af8d5","historyId":"1e63f6d151146694b3d1d39076600409","testCaseId":"d9fae2fe83cea63298bb199ce3239cdd","fullName":"./features/webtest.feature:13","labels":[{"name":"host","value":"Narasimha"},{"name":"thread","value":"5328@Narasimha.main(1)"},{"name":"feature","value":"Selenium run test"},{"name":"story","value":"Check Screenshot"},{"name":"suite","value":"Selenium run test"},{"name":"testClass","value":"Check Screenshot"},{"name":"framework","value":"cucumber4jvm"},{"name":"language","value":"java"},{"name":"gherkin_uri","value":"file:///C:/Users/YOGASHANKAR/Documents/selecucumber/./features/webtest.feature"},{"name":"package","value":"features.webtest_feature.Selenium run test"}],"links":[],"name":"Check Screenshot","status":"failed","statusDetails":{"known":false,"muted":false,"flaky":false,"message":"no Valid search results found expected [0] but found [1]","trace":"java.lang.AssertionError: no Valid search results found expected [0] but found [1]\r\n\tat org.testng.Assert.fail(Assert.java:110)\r\n\tat org.testng.Assert.failNotEquals(Assert.java:1413)\r\n\tat org.testng.Assert.assertEqualsImpl(Assert.java:149)\r\n\tat org.testng.Assert.assertEquals(Assert.java:131)\r\n\tat org.testng.Assert.assertEquals(Assert.java:1240)\r\n\tat stepDefinitions.steps.userSawResult(steps.java:64)\r\n\tat ✽.User saw result(file:///C:/Users/YOGASHANKAR/Documents/selecucumber/./features/webtest.feature:16)\r\n"},"stage":"finished","steps":[{"name":"Given User Opens Browser","status":"passed","statusDetails":{"known":false,"muted":false,"flaky":false},"stage":"finished","steps":[],"attachments":[],"parameters":[],"start":1712256945430,"stop":1712256946554},{"name":"When User enters \"howdy\"","status":"passed","statusDetails":{"known":false,"muted":false,"flaky":false},"stage":"finished","steps":[],"attachments":[],"parameters":[],"start":1712256946555,"stop":1712256946884},{"name":"Then User saw result","status":"failed","statusDetails":{"known":false,"muted":false,"flaky":false,"message":"no Valid search results found expected [0] but found [1]","trace":"java.lang.AssertionError: no Valid search results found expected [0] but found [1]\r\n\tat org.testng.Assert.fail(Assert.java:110)\r\n\tat org.testng.Assert.failNotEquals(Assert.java:1413)\r\n\tat org.testng.Assert.assertEqualsImpl(Assert.java:149)\r\n\tat org.testng.Assert.assertEquals(Assert.java:131)\r\n\tat org.testng.Assert.assertEquals(Assert.java:1240)\r\n\tat stepDefinitions.steps.userSawResult(steps.java:64)\r\n\tat ✽.User saw result(file:///C:/Users/YOGASHANKAR/Documents/selecucumber/./features/webtest.feature:16)\r\n"},"stage":"finished","steps":[],"attachments":[],"parameters":[],"start":1712256946884,"stop":1712256948533}],"attachments":[],"parameters":[],"start":1712256944730,"stop":1712256948929}